0 info it worked if it ends with ok
1 verbose cli [ '/usr/local/bin/node', '/usr/local/bin/npm', 'start' ]
2 info using npm@3.10.8
3 info using node@v6.9.1
4 verbose run-script [ 'prestart', 'start', 'poststart' ]
5 info lifecycle web-pirs@1.0.0~prestart: web-pirs@1.0.0
6 silly lifecycle web-pirs@1.0.0~prestart: no script for prestart, continuing
7 info lifecycle web-pirs@1.0.0~start: web-pirs@1.0.0
8 verbose lifecycle web-pirs@1.0.0~start: unsafe-perm in lifecycle true
9 verbose lifecycle web-pirs@1.0.0~start: PATH: /usr/local/lib/node_modules/npm/bin/node-gyp-bin:/Users/pittyp/web-pirs/node_modules/.bin:/Users/pittyp/bin/:/usr/local/bin:/Users/pittyp/go/bin:/Users/pittyp/Downloads/google-cloud-sdk/bin:/Users/pittyp/.multirust/toolchains/nightly/cargo/bin/:/Users/pittyp/bin:/Users/pittyp/web/depot_tools:/usr/bin:/bin:/usr/sbin:/sbin:/usr/local/bin:/opt/X11/bin:/usr/local/go/bin
10 verbose lifecycle web-pirs@1.0.0~start: CWD: /Users/pittyp/web-pirs
11 silly lifecycle web-pirs@1.0.0~start: Args: [ '-c', 'micro' ]
12 silly lifecycle web-pirs@1.0.0~start: Returned: code: 1  signal: null
13 info lifecycle web-pirs@1.0.0~start: Failed to exec start script
14 verbose stack Error: web-pirs@1.0.0 start: `micro`
14 verbose stack Exit status 1
14 verbose stack     at EventEmitter.<anonymous> (/usr/local/lib/node_modules/npm/lib/utils/lifecycle.js:255:16)
14 verbose stack     at emitTwo (events.js:106:13)
14 verbose stack     at EventEmitter.emit (events.js:191:7)
14 verbose stack     at ChildProcess.<anonymous> (/usr/local/lib/node_modules/npm/lib/utils/spawn.js:40:14)
14 verbose stack     at emitTwo (events.js:106:13)
14 verbose stack     at ChildProcess.emit (events.js:191:7)
14 verbose stack     at maybeClose (internal/child_process.js:877:16)
14 verbose stack     at Process.ChildProcess._handle.onexit (internal/child_process.js:226:5)
15 verbose pkgid web-pirs@1.0.0
16 verbose cwd /Users/pittyp/web-pirs
17 error Darwin 13.4.0
18 error argv "/usr/local/bin/node" "/usr/local/bin/npm" "start"
19 error node v6.9.1
20 error npm  v3.10.8
21 error code ELIFECYCLE
22 error web-pirs@1.0.0 start: `micro`
22 error Exit status 1
23 error Failed at the web-pirs@1.0.0 start script 'micro'.
23 error Make sure you have the latest version of node.js and npm installed.
23 error If you do, this is most likely a problem with the web-pirs package,
23 error not with npm itself.
23 error Tell the author that this fails on your system:
23 error     micro
23 error You can get information on how to open an issue for this project with:
23 error     npm bugs web-pirs
23 error Or if that isn't available, you can get their info via:
23 error     npm owner ls web-pirs
23 error There is likely additional logging output above.
24 verbose exit [ 1, true ]
